Running: C:\Xilinx\14.7\ISE_DS\ISE\bin\nt64\unwrapped\fuse.exe -intstyle ise -incremental -lib unisims_ver -lib unimacro_ver -lib xilinxcorelib_ver -o D:/FPGA/Pluto-IIx/FPGA project - HDMI/HDMI_test_isim_beh.exe -prj D:/FPGA/Pluto-IIx/FPGA project - HDMI/HDMI_test_beh.prj work.HDMI_test work.glbl 
ISim P.20131013 (signature 0x7708f090)
Number of CPUs detected in this system: 2
Turning on mult-threading, number of parallel sub-compilation jobs: 4 
Determining compilation order of HDL files
Analyzing Verilog file "D:/FPGA/Pluto-IIx/FPGA project - HDMI/VideoGen.v" into library work
Analyzing Verilog file "D:/FPGA/Pluto-IIx/FPGA project - HDMI/HDMI.v" into library work
Analyzing Verilog file "D:/FPGA/Pluto-IIx/FPGA project - HDMI/HDMI_test.v" into library work
Analyzing Verilog file "C:/Xilinx/14.7/ISE_DS/ISE//verilog/src/glbl.v" into library work
Starting static elaboration
WARNING:HDLCompiler:1016 - "D:/FPGA/Pluto-IIx/FPGA project - HDMI/VideoGen.v" Line 36: Port CLK0 is not connected to this instance
WARNING:HDLCompiler:1016 - "D:/FPGA/Pluto-IIx/FPGA project - HDMI/HDMI.v" Line 20: Port CLK0 is not connected to this instance
WARNING:HDLCompiler:1016 - "D:/FPGA/Pluto-IIx/FPGA project - HDMI/HDMI.v" Line 41: Port R is not connected to this instance
Completed static elaboration
Compiling module dcm_sp_clock_divide_by_2
Compiling module dcm_sp_maximum_period_check(cloc...
Compiling module dcm_sp_maximum_period_check(cloc...
Compiling module dcm_sp_clock_lost
Compiling module DCM_SP(CLKFX_DIVIDE=5,CLKFX_MULT...
Compiling module BUFG
Compiling module VideoGen
Compiling module TMDS_encoder
Compiling module TMDS_encoder(invert_TMDS_output=...
Compiling module DCM_SP(CLKFX_MULTIPLY=10,STARTUP...
Compiling module OBUFDS
Compiling module ODDR2_default
Compiling module HDMI
Compiling module HDMI_test
Compiling module glbl
Time Resolution for simulation is 1ps.
Waiting for 12 sub-compilation(s) to finish...
Compiled 15 Verilog Units
Built simulation executable D:/FPGA/Pluto-IIx/FPGA project - HDMI/HDMI_test_isim_beh.exe
Fuse Memory Usage: 33016 KB
Fuse CPU Usage: 483 ms
